TN:
SF:02-ratelimitter.js
FNF:0
FNH:0
DA:1,1
DA:2,1
DA:3,1
DA:4,1
DA:5,1
DA:6,1
DA:7,1
DA:8,1
DA:9,1
DA:10,1
DA:11,1
DA:12,1
DA:13,1
DA:14,1
DA:15,1
DA:16,1
DA:17,2
DA:18,1
DA:19,1
DA:20,1
DA:21,13
DA:22,13
DA:23,11
DA:24,11
DA:25,7
DA:26,7
DA:27,4
DA:28,4
DA:29,4
DA:30,4
DA:31,4
DA:32,11
DA:33,2
DA:34,2
DA:35,2
DA:36,2
DA:37,2
DA:38,13
DA:39,1
DA:40,1
DA:41,6
DA:42,1
DA:43,1
DA:44,1
DA:45,0
DA:46,1
DA:47,1
DA:48,1
LF:48
LH:47
BRDA:16,0,0,2
BRDA:20,1,0,13
BRDA:22,2,0,11
BRDA:24,3,0,7
BRDA:27,4,0,4
BRDA:33,5,0,2
BRDA:40,6,0,6
BRF:7
BRH:7
end_of_record
